[32m[0918 16:42:24 @logger.py:73][0m Argv: rsr-dorefa.py --bit_w=32 --bit_a=32 --output=/data/sls/scratch/skoppula/mfcc-nns/rsr-experiments/dorefa/train_logs_do1_bita32_bitw32_clipFalse --use_clip=False --dropout=1
[32m[0918 16:42:24 @rsr-dorefa.py:177][0m Outputting at: /data/sls/scratch/skoppula/mfcc-nns/rsr-experiments/dorefa/train_logs_do1_bita32_bitw32_clipFalse
[32m[0918 16:42:26 @rsr-dorefa.py:179][0m 31682 batches per train epoch
[32m[0918 16:42:27 @rsr-dorefa.py:182][0m 13290 utterances per val epoch
[32m[0918 16:42:27 @rsr-dorefa.py:185][0m Using 45 speaker
[32m[0918 16:42:27 @inference_runner.py:81][0m InferenceRunner will eval on an InputSource of size 13290
[32m[0918 16:42:27 @rsr-dorefa.py:219][0m Using 4 prefetch threads
[32m[0918 16:42:27 @rsr-dorefa.py:226][0m Using CPU. Batch size: 512
[32m[0918 16:42:27 @input_source.py:233][0m Setting up the queue 'QueueInput/input_queue' for CPU prefetching ...
[32m[0918 16:42:27 @common.py:129][0m fc0 input: [None, 1000]
[32m[0918 16:42:27 @common.py:137][0m fc0 output: [None, 512]
[32m[0918 16:42:27 @common.py:129][0m fc1 input: [None, 512]
[32m[0918 16:42:27 @rsr-dorefa.py:99][0m Binarizing weight fc1/W
[32m[0918 16:42:27 @common.py:137][0m fc1 output: [None, 512]
[32m[0918 16:42:27 @common.py:129][0m fc2 input: [None, 512]
[32m[0918 16:42:27 @rsr-dorefa.py:99][0m Binarizing weight fc2/W
[32m[0918 16:42:27 @common.py:137][0m fc2 output: [None, 512]
[32m[0918 16:42:27 @common.py:129][0m fc3 input: [None, 512]
[32m[0918 16:42:27 @rsr-dorefa.py:99][0m Binarizing weight fc3/W
[32m[0918 16:42:27 @common.py:137][0m fc3 output: [None, 512]
[32m[0918 16:42:27 @common.py:129][0m fc4 input: [None, 512]
[32m[0918 16:42:27 @rsr-dorefa.py:99][0m Binarizing weight fc4/W
[32m[0918 16:42:27 @common.py:137][0m fc4 output: [None, 512]
[32m[0918 16:42:28 @common.py:129][0m fc5 input: [None, 512]
[32m[0918 16:42:28 @rsr-dorefa.py:99][0m Binarizing weight fc5/W
[32m[0918 16:42:28 @common.py:137][0m fc5 output: [None, 256]
[32m[0918 16:42:28 @common.py:129][0m fct input: [None, 256]
[32m[0918 16:42:28 @common.py:137][0m fct output: [None, 45]
[32m[0918 16:42:28 @rsr-dorefa.py:71][0m Model variables:
[32m[0918 16:42:28 @rsr-dorefa.py:73][0m 	EMA/QueueInput/queue_size:0, ()
[32m[0918 16:42:28 @rsr-dorefa.py:73][0m 	EMA/QueueInput/queue_size/biased:0, ()
[32m[0918 16:42:28 @rsr-dorefa.py:73][0m 	EMA/QueueInput/queue_size/local_step:0, ()
[32m[0918 16:42:28 @rsr-dorefa.py:73][0m 	fc0/W:0, (1000, 512)
[32m[0918 16:42:28 @rsr-dorefa.py:73][0m 	bn_fc0/beta:0, (512,)
[32m[0918 16:42:28 @rsr-dorefa.py:73][0m 	bn_fc0/gamma:0, (512,)
[32m[0918 16:42:28 @rsr-dorefa.py:73][0m 	bn_fc0/mean/EMA:0, (512,)
[32m[0918 16:42:28 @rsr-dorefa.py:73][0m 	bn_fc0/variance/EMA:0, (512,)
[32m[0918 16:42:28 @rsr-dorefa.py:73][0m 	fc1/W:0, (512, 512)
[32m[0918 16:42:28 @rsr-dorefa.py:73][0m 	bn_fc1/beta:0, (512,)
[32m[0918 16:42:28 @rsr-dorefa.py:73][0m 	bn_fc1/gamma:0, (512,)
[32m[0918 16:42:28 @rsr-dorefa.py:73][0m 	bn_fc1/mean/EMA:0, (512,)
[32m[0918 16:42:28 @rsr-dorefa.py:73][0m 	bn_fc1/variance/EMA:0, (512,)
[32m[0918 16:42:28 @rsr-dorefa.py:73][0m 	fc2/W:0, (512, 512)
[32m[0918 16:42:28 @rsr-dorefa.py:73][0m 	bn_fc2/beta:0, (512,)
[32m[0918 16:42:28 @rsr-dorefa.py:73][0m 	bn_fc2/gamma:0, (512,)
[32m[0918 16:42:28 @rsr-dorefa.py:73][0m 	bn_fc2/mean/EMA:0, (512,)
[32m[0918 16:42:28 @rsr-dorefa.py:73][0m 	bn_fc2/variance/EMA:0, (512,)
[32m[0918 16:42:28 @rsr-dorefa.py:73][0m 	fc3/W:0, (512, 512)
[32m[0918 16:42:28 @rsr-dorefa.py:73][0m 	bn_fc3/beta:0, (512,)
[32m[0918 16:42:28 @rsr-dorefa.py:73][0m 	bn_fc3/gamma:0, (512,)
[32m[0918 16:42:28 @rsr-dorefa.py:73][0m 	bn_fc3/mean/EMA:0, (512,)
[32m[0918 16:42:28 @rsr-dorefa.py:73][0m 	bn_fc3/variance/EMA:0, (512,)
[32m[0918 16:42:28 @rsr-dorefa.py:73][0m 	fc4/W:0, (512, 512)
[32m[0918 16:42:28 @rsr-dorefa.py:73][0m 	bn_fc4/beta:0, (512,)
[32m[0918 16:42:28 @rsr-dorefa.py:73][0m 	bn_fc4/gamma:0, (512,)
[32m[0918 16:42:28 @rsr-dorefa.py:73][0m 	bn_fc4/mean/EMA:0, (512,)
[32m[0918 16:42:28 @rsr-dorefa.py:73][0m 	bn_fc4/variance/EMA:0, (512,)
[32m[0918 16:42:28 @rsr-dorefa.py:73][0m 	fc5/W:0, (512, 256)
[32m[0918 16:42:28 @rsr-dorefa.py:73][0m 	bnfc5/beta:0, (256,)
[32m[0918 16:42:28 @rsr-dorefa.py:73][0m 	bnfc5/gamma:0, (256,)
[32m[0918 16:42:28 @rsr-dorefa.py:73][0m 	bnfc5/mean/EMA:0, (256,)
[32m[0918 16:42:28 @rsr-dorefa.py:73][0m 	bnfc5/variance/EMA:0, (256,)
[32m[0918 16:42:28 @rsr-dorefa.py:73][0m 	fct/W:0, (256, 45)
[32m[0918 16:42:28 @rsr-dorefa.py:73][0m 	fct/b:0, (45,)
[32m[0918 16:42:28 @regularize.py:18][0m Apply regularizer for fc0/W:0
[32m[0918 16:42:28 @regularize.py:18][0m Apply regularizer for fc1/W:0
[32m[0918 16:42:28 @regularize.py:18][0m Apply regularizer for fc2/W:0
[32m[0918 16:42:28 @regularize.py:18][0m Apply regularizer for fc3/W:0
[32m[0918 16:42:28 @regularize.py:18][0m Apply regularizer for fc4/W:0
[32m[0918 16:42:28 @regularize.py:18][0m Apply regularizer for fc5/W:0
[32m[0918 16:42:28 @regularize.py:18][0m Apply regularizer for fct/W:0
[32m[0918 16:42:28 @model_utils.py:47][0m [36mModel Parameters: 
[0mname            shape           dim
--------------  -----------  ------
fc0/W:0         [1000, 512]  512000
bn_fc0/beta:0   [512]           512
bn_fc0/gamma:0  [512]           512
fc1/W:0         [512, 512]   262144
bn_fc1/beta:0   [512]           512
bn_fc1/gamma:0  [512]           512
fc2/W:0         [512, 512]   262144
bn_fc2/beta:0   [512]           512
bn_fc2/gamma:0  [512]           512
fc3/W:0         [512, 512]   262144
bn_fc3/beta:0   [512]           512
bn_fc3/gamma:0  [512]           512
fc4/W:0         [512, 512]   262144
bn_fc4/beta:0   [512]           512
bn_fc4/gamma:0  [512]           512
fc5/W:0         [512, 256]   131072
bnfc5/beta:0    [256]           256
bnfc5/gamma:0   [256]           256
fct/W:0         [256, 45]     11520
fct/b:0         [45]             45[36m
Total #vars=20, #param=1708845 (6.52 MB assuming all float32)[0m
[32m[0918 16:42:28 @base.py:167][0m Setup callbacks graph ...
[32m[0918 16:42:29 @predictor_factory.py:62][0m Building predictor tower 'InferenceTower' on device /gpu:0 ...
[32m[0918 16:42:29 @rsr-dorefa.py:99][0m Binarizing weight fc1/W
[32m[0918 16:42:29 @rsr-dorefa.py:99][0m Binarizing weight fc2/W
[32m[0918 16:42:29 @rsr-dorefa.py:99][0m Binarizing weight fc3/W
[32m[0918 16:42:29 @rsr-dorefa.py:99][0m Binarizing weight fc4/W
[32m[0918 16:42:29 @rsr-dorefa.py:99][0m Binarizing weight fc5/W
[32m[0918 16:42:29 @rsr-dorefa.py:71][0m Model variables:
[32m[0918 16:42:29 @rsr-dorefa.py:73][0m 	EMA/QueueInput/queue_size:0, ()
[32m[0918 16:42:29 @rsr-dorefa.py:73][0m 	EMA/QueueInput/queue_size/biased:0, ()
[32m[0918 16:42:29 @rsr-dorefa.py:73][0m 	EMA/QueueInput/queue_size/local_step:0, ()
[32m[0918 16:42:29 @rsr-dorefa.py:73][0m 	fc0/W:0, (1000, 512)
[32m[0918 16:42:29 @rsr-dorefa.py:73][0m 	bn_fc0/beta:0, (512,)
[32m[0918 16:42:29 @rsr-dorefa.py:73][0m 	bn_fc0/gamma:0, (512,)
[32m[0918 16:42:29 @rsr-dorefa.py:73][0m 	bn_fc0/mean/EMA:0, (512,)
[32m[0918 16:42:29 @rsr-dorefa.py:73][0m 	bn_fc0/variance/EMA:0, (512,)
[32m[0918 16:42:29 @rsr-dorefa.py:73][0m 	fc1/W:0, (512, 512)
[32m[0918 16:42:29 @rsr-dorefa.py:73][0m 	bn_fc1/beta:0, (512,)
[32m[0918 16:42:29 @rsr-dorefa.py:73][0m 	bn_fc1/gamma:0, (512,)
[32m[0918 16:42:29 @rsr-dorefa.py:73][0m 	bn_fc1/mean/EMA:0, (512,)
[32m[0918 16:42:29 @rsr-dorefa.py:73][0m 	bn_fc1/variance/EMA:0, (512,)
[32m[0918 16:42:29 @rsr-dorefa.py:73][0m 	fc2/W:0, (512, 512)
[32m[0918 16:42:29 @rsr-dorefa.py:73][0m 	bn_fc2/beta:0, (512,)
[32m[0918 16:42:29 @rsr-dorefa.py:73][0m 	bn_fc2/gamma:0, (512,)
[32m[0918 16:42:29 @rsr-dorefa.py:73][0m 	bn_fc2/mean/EMA:0, (512,)
[32m[0918 16:42:29 @rsr-dorefa.py:73][0m 	bn_fc2/variance/EMA:0, (512,)
[32m[0918 16:42:29 @rsr-dorefa.py:73][0m 	fc3/W:0, (512, 512)
[32m[0918 16:42:29 @rsr-dorefa.py:73][0m 	bn_fc3/beta:0, (512,)
[32m[0918 16:42:29 @rsr-dorefa.py:73][0m 	bn_fc3/gamma:0, (512,)
[32m[0918 16:42:29 @rsr-dorefa.py:73][0m 	bn_fc3/mean/EMA:0, (512,)
[32m[0918 16:42:29 @rsr-dorefa.py:73][0m 	bn_fc3/variance/EMA:0, (512,)
[32m[0918 16:42:29 @rsr-dorefa.py:73][0m 	fc4/W:0, (512, 512)
[32m[0918 16:42:29 @rsr-dorefa.py:73][0m 	bn_fc4/beta:0, (512,)
[32m[0918 16:42:29 @rsr-dorefa.py:73][0m 	bn_fc4/gamma:0, (512,)
[32m[0918 16:42:29 @rsr-dorefa.py:73][0m 	bn_fc4/mean/EMA:0, (512,)
[32m[0918 16:42:29 @rsr-dorefa.py:73][0m 	bn_fc4/variance/EMA:0, (512,)
[32m[0918 16:42:29 @rsr-dorefa.py:73][0m 	fc5/W:0, (512, 256)
[32m[0918 16:42:29 @rsr-dorefa.py:73][0m 	bnfc5/beta:0, (256,)
[32m[0918 16:42:29 @rsr-dorefa.py:73][0m 	bnfc5/gamma:0, (256,)
[32m[0918 16:42:29 @rsr-dorefa.py:73][0m 	bnfc5/mean/EMA:0, (256,)
[32m[0918 16:42:29 @rsr-dorefa.py:73][0m 	bnfc5/variance/EMA:0, (256,)
[32m[0918 16:42:29 @rsr-dorefa.py:73][0m 	fct/W:0, (256, 45)
[32m[0918 16:42:29 @rsr-dorefa.py:73][0m 	fct/b:0, (45,)
[32m[0918 16:42:29 @rsr-dorefa.py:73][0m 	EMA/train-error-top1:0, ()
[32m[0918 16:42:29 @rsr-dorefa.py:73][0m 	EMA/train-error-top1/biased:0, ()
[32m[0918 16:42:29 @rsr-dorefa.py:73][0m 	EMA/train-error-top1/local_step:0, ()
[32m[0918 16:42:29 @rsr-dorefa.py:73][0m 	EMA/cross_entropy_loss:0, ()
[32m[0918 16:42:29 @rsr-dorefa.py:73][0m 	EMA/cross_entropy_loss/biased:0, ()
[32m[0918 16:42:29 @rsr-dorefa.py:73][0m 	EMA/cross_entropy_loss/local_step:0, ()
[32m[0918 16:42:29 @rsr-dorefa.py:73][0m 	EMA/regularize_cost_1:0, ()
[32m[0918 16:42:29 @rsr-dorefa.py:73][0m 	EMA/regularize_cost_1/biased:0, ()
[32m[0918 16:42:29 @rsr-dorefa.py:73][0m 	EMA/regularize_cost_1/local_step:0, ()
[32m[0918 16:42:29 @rsr-dorefa.py:73][0m 	EMA/cost:0, ()
[32m[0918 16:42:29 @rsr-dorefa.py:73][0m 	EMA/cost/biased:0, ()
[32m[0918 16:42:29 @rsr-dorefa.py:73][0m 	EMA/cost/local_step:0, ()
[32m[0918 16:42:29 @rsr-dorefa.py:73][0m 	learning_rate:0, ()
[32m[0918 16:42:29 @rsr-dorefa.py:73][0m 	beta1_power:0, ()
[32m[0918 16:42:29 @rsr-dorefa.py:73][0m 	beta2_power:0, ()
[32m[0918 16:42:29 @rsr-dorefa.py:73][0m 	fc0/W/Adam:0, (1000, 512)
[32m[0918 16:42:29 @rsr-dorefa.py:73][0m 	fc0/W/Adam_1:0, (1000, 512)
[32m[0918 16:42:29 @rsr-dorefa.py:73][0m 	bn_fc0/beta/Adam:0, (512,)
[32m[0918 16:42:29 @rsr-dorefa.py:73][0m 	bn_fc0/beta/Adam_1:0, (512,)
[32m[0918 16:42:29 @rsr-dorefa.py:73][0m 	bn_fc0/gamma/Adam:0, (512,)
[32m[0918 16:42:29 @rsr-dorefa.py:73][0m 	bn_fc0/gamma/Adam_1:0, (512,)
[32m[0918 16:42:29 @rsr-dorefa.py:73][0m 	fc1/W/Adam:0, (512, 512)
[32m[0918 16:42:29 @rsr-dorefa.py:73][0m 	fc1/W/Adam_1:0, (512, 512)
[32m[0918 16:42:29 @rsr-dorefa.py:73][0m 	bn_fc1/beta/Adam:0, (512,)
[32m[0918 16:42:29 @rsr-dorefa.py:73][0m 	bn_fc1/beta/Adam_1:0, (512,)
[32m[0918 16:42:29 @rsr-dorefa.py:73][0m 	bn_fc1/gamma/Adam:0, (512,)
[32m[0918 16:42:29 @rsr-dorefa.py:73][0m 	bn_fc1/gamma/Adam_1:0, (512,)
[32m[0918 16:42:29 @rsr-dorefa.py:73][0m 	fc2/W/Adam:0, (512, 512)
[32m[0918 16:42:29 @rsr-dorefa.py:73][0m 	fc2/W/Adam_1:0, (512, 512)
[32m[0918 16:42:29 @rsr-dorefa.py:73][0m 	bn_fc2/beta/Adam:0, (512,)
[32m[0918 16:42:29 @rsr-dorefa.py:73][0m 	bn_fc2/beta/Adam_1:0, (512,)
[32m[0918 16:42:29 @rsr-dorefa.py:73][0m 	bn_fc2/gamma/Adam:0, (512,)
[32m[0918 16:42:29 @rsr-dorefa.py:73][0m 	bn_fc2/gamma/Adam_1:0, (512,)
[32m[0918 16:42:29 @rsr-dorefa.py:73][0m 	fc3/W/Adam:0, (512, 512)
[32m[0918 16:42:29 @rsr-dorefa.py:73][0m 	fc3/W/Adam_1:0, (512, 512)
[32m[0918 16:42:29 @rsr-dorefa.py:73][0m 	bn_fc3/beta/Adam:0, (512,)
[32m[0918 16:42:29 @rsr-dorefa.py:73][0m 	bn_fc3/beta/Adam_1:0, (512,)
[32m[0918 16:42:29 @rsr-dorefa.py:73][0m 	bn_fc3/gamma/Adam:0, (512,)
[32m[0918 16:42:29 @rsr-dorefa.py:73][0m 	bn_fc3/gamma/Adam_1:0, (512,)
[32m[0918 16:42:29 @rsr-dorefa.py:73][0m 	fc4/W/Adam:0, (512, 512)
[32m[0918 16:42:29 @rsr-dorefa.py:73][0m 	fc4/W/Adam_1:0, (512, 512)
[32m[0918 16:42:29 @rsr-dorefa.py:73][0m 	bn_fc4/beta/Adam:0, (512,)
[32m[0918 16:42:29 @rsr-dorefa.py:73][0m 	bn_fc4/beta/Adam_1:0, (512,)
[32m[0918 16:42:29 @rsr-dorefa.py:73][0m 	bn_fc4/gamma/Adam:0, (512,)
[32m[0918 16:42:29 @rsr-dorefa.py:73][0m 	bn_fc4/gamma/Adam_1:0, (512,)
[32m[0918 16:42:29 @rsr-dorefa.py:73][0m 	fc5/W/Adam:0, (512, 256)
[32m[0918 16:42:29 @rsr-dorefa.py:73][0m 	fc5/W/Adam_1:0, (512, 256)
[32m[0918 16:42:29 @rsr-dorefa.py:73][0m 	bnfc5/beta/Adam:0, (256,)
[32m[0918 16:42:29 @rsr-dorefa.py:73][0m 	bnfc5/beta/Adam_1:0, (256,)
[32m[0918 16:42:29 @rsr-dorefa.py:73][0m 	bnfc5/gamma/Adam:0, (256,)
[32m[0918 16:42:29 @rsr-dorefa.py:73][0m 	bnfc5/gamma/Adam_1:0, (256,)
[32m[0918 16:42:29 @rsr-dorefa.py:73][0m 	fct/W/Adam:0, (256, 45)
[32m[0918 16:42:29 @rsr-dorefa.py:73][0m 	fct/W/Adam_1:0, (256, 45)
[32m[0918 16:42:29 @rsr-dorefa.py:73][0m 	fct/b/Adam:0, (45,)
[32m[0918 16:42:29 @rsr-dorefa.py:73][0m 	fct/b/Adam_1:0, (45,)
[32m[0918 16:42:29 @rsr-dorefa.py:73][0m 	global_step:0, ()
[32m[0918 16:42:29 @summary.py:30][0m Maintain moving average summary of 4 tensors.
[32m[0918 16:42:29 @graph.py:79][0m Applying collection UPDATE_OPS of 12 ops.
[32m[0918 16:42:31 @base.py:171][0m Creating the session ...
[32m[0918 16:43:12 @sesscreate.py:34][0m Global variables initialized.
[32m[0918 16:43:12 @base.py:175][0m Initializing the session ...
[32m[0918 16:43:12 @base.py:182][0m Graph Finalized.
[32m[0918 16:43:14 @concurrency.py:36][0m Starting EnqueueThread QueueInput/input_queue ...
[32m[0918 16:43:14 @base.py:228][0m Start Epoch 1 ...
[32m[0918 16:50:56 @base.py:238][0m Epoch 1 (global_step 31682) finished, time:462.68 sec.
[32m[0918 16:50:57 @saver.py:86][0m Model saved to /data/sls/scratch/skoppula/mfcc-nns/rsr-experiments/dorefa/train_logs_do1_bita32_bitw32_clipFalse/model-31682.
[32m[0918 16:53:28 @monitor.py:309][0m QueueInput/queue_size: 49.678
[32m[0918 16:53:28 @monitor.py:309][0m activation-summary/Relu_0-rms: 88.289
[32m[0918 16:53:28 @monitor.py:309][0m activation-summary/Relu_0-sparsity: 0.49553
[32m[0918 16:53:28 @monitor.py:309][0m activation-summary_1/Relu_1_0-rms: 6.615
[32m[0918 16:53:28 @monitor.py:309][0m activation-summary_1/Relu_1_0-sparsity: 0.57146
[32m[0918 16:53:28 @monitor.py:309][0m activation-summary_2/Relu_2_0-rms: 5.8794
[32m[0918 16:53:28 @monitor.py:309][0m activation-summary_2/Relu_2_0-sparsity: 0.60779
[32m[0918 16:53:28 @monitor.py:309][0m activation-summary_3/Relu_3_0-rms: 5.4023
[32m[0918 16:53:28 @monitor.py:309][0m activation-summary_3/Relu_3_0-sparsity: 0.65057
[32m[0918 16:53:28 @monitor.py:309][0m activation-summary_4/Relu_4_0-rms: 5.0618
[32m[0918 16:53:28 @monitor.py:309][0m activation-summary_4/Relu_4_0-sparsity: 0.67651
[32m[0918 16:53:28 @monitor.py:309][0m cost: 0.95882
[32m[0918 16:53:28 @monitor.py:309][0m cross_entropy_loss: 0.7005
[32m[0918 16:53:28 @monitor.py:309][0m learning_rate: 0.001
[32m[0918 16:53:28 @monitor.py:309][0m param-summary/fc0/W-rms: 0.24948
[32m[0918 16:53:28 @monitor.py:309][0m param-summary/fc1/W-rms: 0.25584
[32m[0918 16:53:28 @monitor.py:309][0m param-summary/fc2/W-rms: 0.24971
[32m[0918 16:53:28 @monitor.py:309][0m param-summary/fc3/W-rms: 0.24131
[32m[0918 16:53:28 @monitor.py:309][0m param-summary/fc4/W-rms: 0.23215
[32m[0918 16:53:28 @monitor.py:309][0m param-summary/fc5/W-rms: 0.24391
[32m[0918 16:53:28 @monitor.py:309][0m param-summary/fct/W-rms: 0.26393
[32m[0918 16:53:28 @monitor.py:309][0m regularize_cost_1: 0.25833
[32m[0918 16:53:28 @monitor.py:309][0m train-error-top1: 0.218
[32m[0918 16:53:28 @monitor.py:309][0m val-error-top1: 0.28042
[32m[0918 16:53:28 @monitor.py:309][0m val-utt-error: 0.033333
[32m[0918 16:53:28 @monitor.py:309][0m validation_cost: 1.1877
[32m[0918 16:53:28 @group.py:42][0m Callbacks took 151.656 sec in total. InferenceRunner: 150.546sec
[32m[0918 16:53:28 @base.py:228][0m Start Epoch 2 ...
[32m[0918 16:55:18 @base.py:246][0m Detected Ctrl-C and exiting main loop.
[32m[0918 16:55:18 @prefetch.py:174][0m [Prefetch Master] Context terminated.
[32m[0918 16:55:18 @input_source.py:201][0m EnqueueThread QueueInput/input_queue Exited.
